<?xml version="1.0" encoding="UTF-8"?>
<!-- Generated by org.testng.reporters.JUnitReportReporter -->
<testsuite hostname="DESKTOP-GR76LI8" failures="0" tests="2" name="com.bat.LandTraningSeleniumAutomation.Test.UserRegistrationTest" time="55.978" errors="0" timestamp="2021-08-21T13:10:17 BDT" skipped="0">
  <testcase classname="com.bat.LandTraningSeleniumAutomation.Test.UserRegistrationTest" name="newUserRegistration" time="49.353"/>
  <system-out/>
  <testcase classname="com.bat.LandTraningSeleniumAutomation.Test.UserRegistrationTest" name="dashboardToRegistrationPage" time="6.625"/>
  <system-out/>
</testsuite> <!-- com.bat.LandTraningSeleniumAutomation.Test.UserRegistrationTest -->
